ldTest run org.scalajs.junit.ExceptionInBeforeTest started
ldTest org.scalajs.junit.ExceptionInBeforeTest.test started
leTest org.scalajs.junit.ExceptionInBeforeTest.test failed: java.lang.UnsupportedOperationException: Exception in before(), took <TIME>
e2org.scalajs.junit.ExceptionInBeforeTest.test
leTest org.scalajs.junit.ExceptionInBeforeTest.test failed: java.lang.IllegalArgumentException: after() must actually be called, took <TIME>
ldTest org.scalajs.junit.ExceptionInBeforeTest.test finished, took <TIME>
ldTest run org.scalajs.junit.ExceptionInBeforeTest finished: 2 failed, 0 ignored, 1 total, <TIME>
d
