ldTest run org.scalajs.junit.ExceptionEverywhere started
leTest org.scalajs.junit.ExceptionEverywhere failed: java.lang.AssertionError: before class, took <TIME>
e2org.scalajs.junit.ExceptionEverywhere
leTest org.scalajs.junit.ExceptionEverywhere failed: java.lang.AssertionError: after class, took <TIME>
ldTest run org.scalajs.junit.ExceptionEverywhere finished: 2 failed, 0 ignored, 0 total, <TIME>
d
