ld[34mTest run [0morg.scalajs.junit.[33mExpectTest[0m[34m started[0m
ldTest org.scalajs.junit.[33mExpectTest[0m.[36mexpectAssert[0m started
ldTest org.scalajs.junit.[33mExpectTest[0m.[36mexpectAssert[0m finished, took <TIME>
e0org.scalajs.junit.ExpectTest.expectAssert
ldTest org.scalajs.junit.[33mExpectTest[0m.[36mexpectNormal[0m started
ldTest org.scalajs.junit.[33mExpectTest[0m.[36mexpectNormal[0m finished, took <TIME>
e0org.scalajs.junit.ExpectTest.expectNormal
ldTest org.scalajs.junit.[33mExpectTest[0m.[36mfailExpectAssert[0m started
leTest org.scalajs.junit.[33mExpectTest[0m.[31mfailExpectAssert[0m failed: Expected exception: java.lang.AssertionError, took <TIME>
e2org.scalajs.junit.ExpectTest.failExpectAssert
ldTest org.scalajs.junit.[33mExpectTest[0m.[36mfailExpectAssert[0m finished, took <TIME>
ldTest org.scalajs.junit.[33mExpectTest[0m.[36mfailExpectDifferent[0m started
leTest org.scalajs.junit.[33mExpectTest[0m.[31mfailExpectDifferent[0m failed: java.lang.[31mException[0m: Unexpected exception, expected<java.io.IOException> but was<java.lang.IllegalArgumentException>, took <TIME>
leCaused by: java.lang.IllegalArgumentException
e2org.scalajs.junit.ExpectTest.failExpectDifferent
ldTest org.scalajs.junit.[33mExpectTest[0m.[36mfailExpectDifferent[0m finished, took <TIME>
ldTest org.scalajs.junit.[33mExpectTest[0m.[36mfailExpectNoThrow[0m started
leTest org.scalajs.junit.[33mExpectTest[0m.[31mfailExpectNoThrow[0m failed: Expected exception: java.io.IOException, took <TIME>
e2org.scalajs.junit.ExpectTest.failExpectNoThrow
ldTest org.scalajs.junit.[33mExpectTest[0m.[36mfailExpectNoThrow[0m finished, took <TIME>
ld[34mTest run [0morg.scalajs.junit.[33mExpectTest[0m[34m finished: [0m[31m3 failed[0m[34m, [0m[34m0 ignored[0m[34m, 5 total, <TIME>[0m
d
